<?xml version="1.0" encoding="UTF-8"?>
<testsuite name="TestExtensionsOnCollections" tests="1" skipped="0" failures="0" errors="0" timestamp="2018-07-26T04:00:33" hostname="DESKTOP-1VPL4UE" time="0.029">
  <properties/>
  <testcase name="testSort" classname="TestExtensionsOnCollections" time="0.029"/>
  <system-out><![CDATA[]]></system-out>
  <system-err><![CDATA[]]></system-err>
</testsuite>
