<?xml version="1.0" encoding="UTF-8"?>
<testsuite name="TestDataClasses" tests="1" skipped="0" failures="0" errors="0" timestamp="2018-07-26T02:12:22" hostname="DESKTOP-1VPL4UE" time="0.023">
  <properties/>
  <testcase name="testListOfPeople" classname="TestDataClasses" time="0.023"/>
  <system-out><![CDATA[]]></system-out>
  <system-err><![CDATA[]]></system-err>
</testsuite>
