<?xml version="1.0" encoding="UTF-8"?>
<testsuite name="TestDelegatesHowItWorks" tests="1" skipped="0" failures="0" errors="0" timestamp="2018-07-26T10:27:11" hostname="DESKTOP-1VPL4UE" time="0.032">
  <properties/>
  <testcase name="testDate" classname="TestDelegatesHowItWorks" time="0.032"/>
  <system-out><![CDATA[]]></system-out>
  <system-err><![CDATA[]]></system-err>
</testsuite>
