<?xml version="1.0" encoding="UTF-8"?>
<testsuite name="TestObjectExpressions" tests="1" skipped="0" failures="0" errors="0" timestamp="2018-07-26T03:41:12" hostname="DESKTOP-1VPL4UE" time="0.03">
  <properties/>
  <testcase name="testSort" classname="TestObjectExpressions" time="0.03"/>
  <system-out><![CDATA[]]></system-out>
  <system-err><![CDATA[]]></system-err>
</testsuite>
