<?xml version="1.0" encoding="UTF-8"?>
<testsuite name="TestProperties" tests="1" skipped="0" failures="0" errors="0" timestamp="2018-07-26T10:01:16" hostname="DESKTOP-1VPL4UE" time="0.007">
  <properties/>
  <testcase name="testPropertyWithCounter" classname="TestProperties" time="0.007"/>
  <system-out><![CDATA[]]></system-out>
  <system-err><![CDATA[]]></system-err>
</testsuite>
