<?xml version="1.0" encoding="UTF-8"?>
<testsuite name="TetLazyProperty" tests="2" skipped="0" failures="0" errors="0" timestamp="2018-07-26T10:08:30" hostname="DESKTOP-1VPL4UE" time="0.011">
  <properties/>
  <testcase name="testLazy" classname="TetLazyProperty" time="0.007"/>
  <testcase name="initializedOnce" classname="TetLazyProperty" time="0.002"/>
  <system-out><![CDATA[]]></system-out>
  <system-err><![CDATA[]]></system-err>
</testsuite>
