<?xml version="1.0" encoding="UTF-8"?>
<testsuite name="TestForLoop" tests="2" skipped="0" failures="0" errors="0" timestamp="2018-07-26T06:55:16" hostname="DESKTOP-1VPL4UE" time="0.032">
  <properties/>
  <testcase name="testIterateOverDateRange" classname="TestForLoop" time="0.03"/>
  <testcase name="testIterateOverEmptyRange" classname="TestForLoop" time="0.001"/>
  <system-out><![CDATA[]]></system-out>
  <system-err><![CDATA[]]></system-err>
</testsuite>
