<?xml version="1.0" encoding="UTF-8"?>
<testsuite name="TestComparison" tests="2" skipped="0" failures="0" errors="0" timestamp="2018-07-26T04:13:40" hostname="DESKTOP-1VPL4UE" time="0.008">
  <properties/>
  <testcase name="testAfter" classname="TestComparison" time="0.007"/>
  <testcase name="testBefore" classname="TestComparison" time="0.0"/>
  <system-out><![CDATA[]]></system-out>
  <system-err><![CDATA[]]></system-err>
</testsuite>
