<?xml version="1.0" encoding="UTF-8"?>
<testsuite name="TestInvoke" tests="2" skipped="0" failures="0" errors="0" timestamp="2018-07-27T02:33:21" hostname="DESKTOP-1VPL4UE" time="0.094">
  <properties/>
  <testcase name="testInvokeTwice" classname="TestInvoke" time="0.091"/>
  <testcase name="testNumberOfInvocations" classname="TestInvoke" time="0.002"/>
  <system-out><![CDATA[]]></system-out>
  <system-err><![CDATA[]]></system-err>
</testsuite>
