<?xml version="1.0" encoding="UTF-8"?>
<testsuite name="TestStringAndMapBuilders" tests="1" skipped="0" failures="0" errors="0" timestamp="2018-07-27T02:04:36" hostname="DESKTOP-1VPL4UE" time="0.013">
  <properties/>
  <testcase name="testBuildMap" classname="TestStringAndMapBuilders" time="0.013"/>
  <system-out><![CDATA[]]></system-out>
  <system-err><![CDATA[]]></system-err>
</testsuite>
