<?xml version="1.0" encoding="UTF-8"?>
<testsuite name="TestExtensionFunctions" tests="2" skipped="0" failures="0" errors="0" timestamp="2018-07-26T03:19:33" hostname="DESKTOP-1VPL4UE" time="0.006">
  <properties/>
  <testcase name="testPairExtension" classname="TestExtensionFunctions" time="0.006"/>
  <testcase name="testIntExtension" classname="TestExtensionFunctions" time="0.0"/>
  <system-out><![CDATA[]]></system-out>
  <system-err><![CDATA[]]></system-err>
</testsuite>
