<?xml version="1.0" encoding="UTF-8"?>
<testsuite name="TestNamedArguments" tests="1" skipped="0" failures="0" errors="0" timestamp="2018-07-25T07:20:11" hostname="DESKTOP-1VPL4UE" time="0.038">
  <properties/>
  <testcase name="testJoinToString" classname="TestNamedArguments" time="0.038"/>
  <system-out><![CDATA[]]></system-out>
  <system-err><![CDATA[]]></system-err>
</testsuite>
