<?xml version="1.0" encoding="UTF-8"?>
<testsuite name="TestRangeTo" tests="1" skipped="0" failures="0" errors="0" timestamp="2018-07-26T04:36:33" hostname="DESKTOP-1VPL4UE" time="0.006">
  <properties/>
  <testcase name="testInRange" classname="TestRangeTo" time="0.006"/>
  <system-out><![CDATA[]]></system-out>
  <system-err><![CDATA[]]></system-err>
</testsuite>
