<?xml version="1.0" encoding="UTF-8"?>
<testsuite name="TestSmartCasts" tests="3" skipped="0" failures="0" errors="0" timestamp="2018-07-26T02:59:44" hostname="DESKTOP-1VPL4UE" time="0.006">
  <properties/>
  <testcase name="testNum" classname="TestSmartCasts" time="0.004"/>
  <testcase name="testSum" classname="TestSmartCasts" time="0.001"/>
  <testcase name="testRecursion" classname="TestSmartCasts" time="0.0"/>
  <system-out><![CDATA[]]></system-out>
  <system-err><![CDATA[]]></system-err>
</testsuite>
